  Ball.cpp
E:\Sxoli\CPP\CPP-Pong-Game\Ball.cpp(25,24): warning C4244: 'argument': conversion from 'double' to 'float', possible loss of data
E:\Sxoli\CPP\CPP-Pong-Game\Ball.cpp(25,21): warning C4244: 'argument': conversion from 'double' to 'float', possible loss of data
E:\Sxoli\CPP\CPP-Pong-Game\Ball.cpp(34,9): warning C4244: 'return': conversion from 'const double' to 'float', possible loss of data
E:\Sxoli\CPP\CPP-Pong-Game\Ball.cpp(39,9): warning C4244: 'return': conversion from 'const double' to 'int', possible loss of data
E:\Sxoli\CPP\CPP-Pong-Game\Ball.cpp(44,9): warning C4244: 'return': conversion from 'const double' to 'int', possible loss of data
  Game.cpp
E:\Sxoli\CPP\CPP-Pong-Game\Game.cpp(37,45): warning C4244: 'argument': conversion from 'double' to 'float', possible loss of data
  History.cpp
E:\Sxoli\CPP\CPP-Pong-Game\History.cpp(56,42): warning C4244: 'argument': conversion from 'int' to 'float', possible loss of data
E:\Sxoli\CPP\CPP-Pong-Game\History.cpp(57,43): warning C4244: 'argument': conversion from 'int' to 'float', possible loss of data
E:\Sxoli\CPP\CPP-Pong-Game\History.cpp(58,58): warning C4244: 'argument': conversion from 'int' to 'float', possible loss of data
  Main.cpp
  menu.cpp
  Player.cpp
E:\Sxoli\CPP\CPP-Pong-Game\Player.cpp(51,60): warning C4244: 'argument': conversion from 'int' to 'float', possible loss of data
E:\Sxoli\CPP\CPP-Pong-Game\Player.cpp(51,24): warning C4244: 'argument': conversion from 'int' to 'float', possible loss of data
E:\Sxoli\CPP\CPP-Pong-Game\Player.cpp(51,21): warning C4244: 'argument': conversion from 'int' to 'float', possible loss of data
E:\Sxoli\CPP\CPP-Pong-Game\Player.cpp(59,21): warning C4244: 'argument': conversion from 'int' to 'float', possible loss of data
  Generating Code...
  Demo.vcxproj -> E:\Sxoli\CPP\CPP-Pong-Game\x64\Debug\Demo.exe
